
orders.views WARNING 2024-06-04 23:04:45,833 views 1543 140534971041344 1
orders.views WARNING 2024-06-04 23:04:45,834 views 1543 140534971041344 First Customer
urllib3.connectionpool DEBUG 2024-06-04 23:04:45,883 connectionpool 1543 140534971041344 Starting new HTTPS connection (1): res.cloudinary.com:443
urllib3.connectionpool DEBUG 2024-06-04 23:04:45,938 connectionpool 1543 140534971041344 https://res.cloudinary.com:443 "GET /dddubflsq/raw/upload/v1/static/staticfiles.json HTTP/1.1" 200 None
orders.views WARNING 2024-06-04 23:05:42,460 views 1543 140534971041344 1
orders.views WARNING 2024-06-04 23:05:42,462 views 1543 140534971041344 First Customer
orders.views WARNING 2024-06-04 23:05:42,572 views 1543 140534971041344 2
orders.views WARNING 2024-06-04 23:05:42,572 views 1543 140534971041344 Test Type
orders.views WARNING 2024-06-04 23:05:42,681 views 1543 140534971041344 3
orders.views WARNING 2024-06-04 23:05:42,685 views 1543 140534971041344 4
orders.views WARNING 2024-06-04 23:05:42,685 views 1543 140534971041344 2024-06-06 00:00:00
orders.views WARNING 2024-06-04 23:05:42,685 views 1543 140534971041344 2024-07-07 00:00:00
orders.views WARNING 2024-06-04 23:05:42,914 views 1543 140534971041344 5
orders.views WARNING 2024-06-04 23:05:42,914 views 1543 140534971041344 Test Type
orders.views WARNING 2024-06-04 23:05:42,915 views 1543 140534971041344 6
orders.views WARNING 2024-06-04 23:05:42,915 views 1543 140534971041344 35.00
orders.views WARNING 2024-06-04 23:05:42,915 views 1543 140534971041344 35.00
orders.views WARNING 2024-06-04 23:05:42,915 views 1543 140534971041344 7
orders.views WARNING 2024-06-04 23:05:42,915 views 1543 140534971041344 20.00
orders.views WARNING 2024-06-04 23:05:42,916 views 1543 140534971041344 20.00
orders.views WARNING 2024-06-04 23:05:42,916 views 1543 140534971041344 8
orders.views WARNING 2024-06-04 23:05:42,916 views 1543 140534971041344 2024-06-06 00:00:00
orders.views WARNING 2024-06-04 23:05:42,916 views 1543 140534971041344 2024-06-06 00:00:00
orders.views WARNING 2024-06-04 23:05:42,916 views 1543 140534971041344 9
orders.views WARNING 2024-06-04 23:05:42,917 views 1543 140534971041344 2024-07-07 00:00:00
orders.views WARNING 2024-06-04 23:05:42,917 views 1543 140534971041344 2024-07-07 00:00:00
orders.views WARNING 2024-06-04 23:05:42,917 views 1543 140534971041344 10
orders.views WARNING 2024-06-04 23:05:42,917 views 1543 140534971041344 jamesb
orders.views WARNING 2024-06-04 23:05:42,917 views 1543 140534971041344 jamesb
orders.views WARNING 2024-06-04 23:05:42,918 views 1543 140534971041344 11
orders.views WARNING 2024-06-04 23:05:42,918 views 1543 140534971041344 Order object (None)
orders.views WARNING 2024-06-04 23:05:42,918 views 1543 140534971041344 12
orders.views WARNING 2024-06-04 23:05:42,918 views 1543 140534971041344 <WSGIRequest: POST '/orders/8e05b134-0b51-46e4-ac9d-2e725f265a9b/create/'>
orders.views WARNING 2024-06-04 23:05:42,919 views 1543 140534971041344 13
orders.views WARNING 2024-06-04 23:05:42,919 views 1543 140534971041344 Invoice object (None)
orders.views WARNING 2024-06-04 23:05:42,919 views 1543 140534971041344 14
orders.views WARNING 2024-06-04 23:05:42,919 views 1543 140534971041344 35.00
orders.views WARNING 2024-06-04 23:05:42,919 views 1543 140534971041344 35.00
orders.views WARNING 2024-06-04 23:05:42,919 views 1543 140534971041344 15
orders.views WARNING 2024-06-04 23:05:42,920 views 1543 140534971041344 First Rental Payment
orders.views WARNING 2024-06-04 23:05:42,920 views 1543 140534971041344 16
orders.views WARNING 2024-06-04 23:05:42,920 views 1543 140534971041344 False
orders.views WARNING 2024-06-04 23:05:42,920 views 1543 140534971041344 17
orders.views WARNING 2024-06-04 23:05:43,143 views 1543 140534971041344 False
django.utils.autoreload INFO 2024-06-05 00:02:54,381 autoreload 1543 140535032019840 /workspaces/django-renterprise/orders/views.py changed, reloading.
django.utils.autoreload INFO 2024-06-05 00:02:56,598 autoreload 1803 140167216720768 Watching for file changes with StatReloader
django.utils.autoreload INFO 2024-06-05 00:02:58,831 autoreload 1803 140167216720768 /workspaces/django-renterprise/orders/views.py changed, reloading.
django.utils.autoreload INFO 2024-06-05 00:03:00,711 autoreload 1827 140113489054592 Watching for file changes with StatReloader
django.utils.autoreload INFO 2024-06-05 00:03:06,422 autoreload 1827 140113489054592 /workspaces/django-renterprise/orders/views.py changed, reloading.
django.utils.autoreload INFO 2024-06-05 00:03:08,193 autoreload 1872 139730571225984 Watching for file changes with StatReloader
django.utils.autoreload INFO 2024-06-05 00:03:10,211 autoreload 1872 139730571225984 /workspaces/django-renterprise/orders/views.py changed, reloading.
django.utils.autoreload INFO 2024-06-05 00:03:12,505 autoreload 1883 139882049919872 Watching for file changes with StatReloader
django.utils.autoreload INFO 2024-06-05 00:04:22,167 autoreload 1883 139882049919872 /workspaces/django-renterprise/orders/views.py changed, reloading.
django.utils.autoreload INFO 2024-06-05 00:04:24,340 autoreload 1951 140462463392640 Watching for file changes with StatReloader
orders.views WARNING 2024-06-05 00:04:46,711 views 1951 140462401889856 1
orders.views WARNING 2024-06-05 00:04:46,712 views 1951 140462401889856 First Customer
orders.views WARNING 2024-06-05 00:04:46,826 views 1951 140462401889856 2
orders.views WARNING 2024-06-05 00:04:46,827 views 1951 140462401889856 Test Type
orders.views WARNING 2024-06-05 00:04:46,939 views 1951 140462401889856 3
orders.views WARNING 2024-06-05 00:04:46,942 views 1951 140462401889856 4
orders.views WARNING 2024-06-05 00:04:46,943 views 1951 140462401889856 2024-06-06 00:00:00
orders.views WARNING 2024-06-05 00:04:46,943 views 1951 140462401889856 2024-07-07 00:00:00
django.request ERROR 2024-06-05 00:04:47,248 log 1951 140462401889856 Internal Server Error: /orders/8e05b134-0b51-46e4-ac9d-2e725f265a9b/create/
Traceback (most recent call last):
  File "/home/cistudent/.local/lib/python3.9/site-packages/django/core/handlers/exception.py", line 55, in inner
    response = get_response(request)
  File "/home/cistudent/.local/lib/python3.9/site-packages/django/core/handlers/base.py", line 197, in _get_response
    response = wrapped_callback(request, *callback_args, **callback_kwargs)
  File "/workspaces/django-renterprise/orders/views.py", line 50, in order_create
    order.save(commit=False)
TypeError: save() got an unexpected keyword argument 'commit'
django.request WARNING 2024-06-05 00:04:47,787 log 1951 140462401889856 Not Found: /favicon.ico
django.utils.autoreload INFO 2024-06-05 00:06:54,964 autoreload 1951 140462463392640 /workspaces/django-renterprise/orders/models.py changed, reloading.
django.utils.autoreload INFO 2024-06-05 00:06:57,127 autoreload 2061 140060918844288 Watching for file changes with StatReloader
django.utils.autoreload INFO 2024-06-05 00:07:01,720 autoreload 2061 140060918844288 /workspaces/django-renterprise/orders/models.py changed, reloading.
django.utils.autoreload INFO 2024-06-05 00:07:03,704 autoreload 2098 139743187319680 Watching for file changes with StatReloader
django.utils.autoreload INFO 2024-06-05 00:08:21,451 autoreload 2098 139743187319680 /workspaces/django-renterprise/orders/views.py changed, reloading.
django.utils.autoreload INFO 2024-06-05 00:08:23,620 autoreload 2150 139815017327488 Watching for file changes with StatReloader
django.utils.autoreload INFO 2024-06-05 00:08:32,943 autoreload 2150 139815017327488 /workspaces/django-renterprise/orders/views.py changed, reloading.
django.utils.autoreload INFO 2024-06-05 00:08:35,215 autoreload 2195 140456807787392 Watching for file changes with StatReloader
django.utils.autoreload INFO 2024-06-05 00:08:40,233 autoreload 2195 140456807787392 /workspaces/django-renterprise/orders/views.py changed, reloading.
django.utils.autoreload INFO 2024-06-05 00:08:42,389 autoreload 2240 139692311694208 Watching for file changes with StatReloader
django.utils.autoreload INFO 2024-06-05 00:08:46,609 autoreload 2240 139692311694208 /workspaces/django-renterprise/orders/views.py changed, reloading.
django.utils.autoreload INFO 2024-06-05 00:08:48,727 autoreload 2264 139984001469312 Watching for file changes with StatReloader
django.utils.autoreload INFO 2024-06-05 00:08:54,243 autoreload 2264 139984001469312 /workspaces/django-renterprise/orders/views.py changed, reloading.
django.utils.autoreload INFO 2024-06-05 00:08:56,461 autoreload 2299 139807606680448 Watching for file changes with StatReloader
django.utils.autoreload INFO 2024-06-05 00:09:01,822 autoreload 2299 139807606680448 /workspaces/django-renterprise/orders/views.py changed, reloading.
django.utils.autoreload INFO 2024-06-05 00:09:03,732 autoreload 2332 139894492199808 Watching for file changes with StatReloader
django.utils.autoreload INFO 2024-06-05 00:09:05,925 autoreload 2332 139894492199808 /workspaces/django-renterprise/orders/views.py changed, reloading.
django.utils.autoreload INFO 2024-06-05 00:09:08,165 autoreload 2356 139654413712256 Watching for file changes with StatReloader
django.utils.autoreload INFO 2024-06-05 00:09:12,355 autoreload 2356 139654413712256 /workspaces/django-renterprise/orders/views.py changed, reloading.
django.utils.autoreload INFO 2024-06-05 00:09:14,394 autoreload 2380 140298332478336 Watching for file changes with StatReloader
django.utils.autoreload INFO 2024-06-05 00:09:17,308 autoreload 2380 140298332478336 /workspaces/django-renterprise/orders/views.py changed, reloading.
django.utils.autoreload INFO 2024-06-05 00:09:19,339 autoreload 2404 139983038339968 Watching for file changes with StatReloader
django.utils.autoreload INFO 2024-06-05 00:10:38,557 autoreload 2404 139983038339968 /workspaces/django-renterprise/orders/views.py changed, reloading.
django.utils.autoreload INFO 2024-06-05 00:10:40,912 autoreload 2449 140059163118464 Watching for file changes with StatReloader
django.utils.autoreload INFO 2024-06-05 00:10:42,920 autoreload 2449 140059163118464 /workspaces/django-renterprise/orders/views.py changed, reloading.
django.utils.autoreload INFO 2024-06-05 00:10:45,008 autoreload 2473 140610181233536 Watching for file changes with StatReloader
django.utils.autoreload INFO 2024-06-05 00:11:01,180 autoreload 2473 140610181233536 /workspaces/django-renterprise/orders/views.py changed, reloading.
django.utils.autoreload INFO 2024-06-05 00:11:03,390 autoreload 2518 140504742570880 Watching for file changes with StatReloader
django.utils.autoreload INFO 2024-06-05 00:12:27,132 autoreload 2518 140504742570880 /workspaces/django-renterprise/orders/views.py changed, reloading.
django.utils.autoreload INFO 2024-06-05 00:12:29,233 autoreload 2560 139812132109184 Watching for file changes with StatReloader
django.utils.autoreload INFO 2024-06-05 00:12:33,222 autoreload 2560 139812132109184 /workspaces/django-renterprise/orders/views.py changed, reloading.
django.utils.autoreload INFO 2024-06-05 00:12:35,157 autoreload 2595 140553983294336 Watching for file changes with StatReloader
django.utils.autoreload INFO 2024-06-05 00:13:06,518 autoreload 2595 140553983294336 /workspaces/django-renterprise/orders/views.py changed, reloading.
django.utils.autoreload INFO 2024-06-05 00:13:08,510 autoreload 2628 140072190372736 Watching for file changes with StatReloader
django.utils.autoreload INFO 2024-06-05 00:13:12,413 autoreload 2628 140072190372736 /workspaces/django-renterprise/orders/views.py changed, reloading.
django.utils.autoreload INFO 2024-06-05 00:13:14,598 autoreload 2661 139649555024768 Watching for file changes with StatReloader
django.utils.autoreload INFO 2024-06-05 00:13:55,531 autoreload 2661 139649555024768 /workspaces/django-renterprise/orders/views.py changed, reloading.
django.utils.autoreload INFO 2024-06-05 00:13:57,716 autoreload 2695 139903217130368 Watching for file changes with StatReloader
django.utils.autoreload INFO 2024-06-05 00:15:12,345 autoreload 2695 139903217130368 /workspaces/django-renterprise/orders/views.py changed, reloading.
django.utils.autoreload INFO 2024-06-05 00:15:14,754 autoreload 2748 140102036118400 Watching for file changes with StatReloader
django.utils.autoreload INFO 2024-06-05 00:15:23,358 autoreload 2748 140102036118400 /workspaces/django-renterprise/orders/views.py changed, reloading.
django.utils.autoreload INFO 2024-06-05 00:15:25,599 autoreload 2793 140400272530304 Watching for file changes with StatReloader
orders.views WARNING 2024-06-05 00:16:53,263 views 2793 140400211027520 1
orders.views WARNING 2024-06-05 00:16:53,264 views 2793 140400211027520 First Customer
orders.views WARNING 2024-06-05 00:16:53,378 views 2793 140400211027520 2
orders.views WARNING 2024-06-05 00:16:53,379 views 2793 140400211027520 Test Type
orders.views WARNING 2024-06-05 00:16:53,491 views 2793 140400211027520 3
orders.views WARNING 2024-06-05 00:16:53,495 views 2793 140400211027520 4
orders.views WARNING 2024-06-05 00:16:53,495 views 2793 140400211027520 2024-06-06 00:00:00
orders.views WARNING 2024-06-05 00:16:53,496 views 2793 140400211027520 2024-07-07 00:00:00
orders.views WARNING 2024-06-05 00:16:53,891 views 2793 140400211027520 5
orders.views WARNING 2024-06-05 00:16:53,894 views 2793 140400211027520 Test Type
orders.views WARNING 2024-06-05 00:16:53,896 views 2793 140400211027520 6
orders.views WARNING 2024-06-05 00:16:53,898 views 2793 140400211027520 35.00
orders.views WARNING 2024-06-05 00:16:53,901 views 2793 140400211027520 35.00
orders.views WARNING 2024-06-05 00:16:53,902 views 2793 140400211027520 7
orders.views WARNING 2024-06-05 00:16:53,902 views 2793 140400211027520 20.00
orders.views WARNING 2024-06-05 00:16:53,903 views 2793 140400211027520 20.00
orders.views WARNING 2024-06-05 00:16:53,903 views 2793 140400211027520 8
orders.views WARNING 2024-06-05 00:16:53,904 views 2793 140400211027520 2024-06-06 00:00:00
orders.views WARNING 2024-06-05 00:16:53,905 views 2793 140400211027520 2024-06-06 00:00:00
orders.views WARNING 2024-06-05 00:16:53,905 views 2793 140400211027520 9
orders.views WARNING 2024-06-05 00:16:53,906 views 2793 140400211027520 2024-07-07 00:00:00
orders.views WARNING 2024-06-05 00:16:53,906 views 2793 140400211027520 2024-07-07 00:00:00
orders.views WARNING 2024-06-05 00:16:53,907 views 2793 140400211027520 10
orders.views WARNING 2024-06-05 00:16:53,907 views 2793 140400211027520 jamesb
orders.views WARNING 2024-06-05 00:16:53,908 views 2793 140400211027520 jamesb
orders.views WARNING 2024-06-05 00:16:53,908 views 2793 140400211027520 11
orders.views WARNING 2024-06-05 00:16:53,908 views 2793 140400211027520 Order object (3)
orders.views WARNING 2024-06-05 00:16:53,909 views 2793 140400211027520 12
orders.views WARNING 2024-06-05 00:16:53,913 views 2793 140400211027520 <WSGIRequest: POST '/orders/8e05b134-0b51-46e4-ac9d-2e725f265a9b/create/'>
orders.views WARNING 2024-06-05 00:16:53,914 views 2793 140400211027520 13
orders.views WARNING 2024-06-05 00:16:53,914 views 2793 140400211027520 Invoice object (None)
orders.views WARNING 2024-06-05 00:16:53,914 views 2793 140400211027520 14
orders.views WARNING 2024-06-05 00:16:53,915 views 2793 140400211027520 35.00
orders.views WARNING 2024-06-05 00:16:53,915 views 2793 140400211027520 35.00
orders.views WARNING 2024-06-05 00:16:53,915 views 2793 140400211027520 15
orders.views WARNING 2024-06-05 00:16:53,916 views 2793 140400211027520 First Rental Payment
orders.views WARNING 2024-06-05 00:16:53,916 views 2793 140400211027520 16
orders.views WARNING 2024-06-05 00:16:53,916 views 2793 140400211027520 False
orders.views WARNING 2024-06-05 00:16:53,917 views 2793 140400211027520 17
orders.views WARNING 2024-06-05 00:16:54,135 views 2793 140400211027520 False
urllib3.connectionpool DEBUG 2024-06-05 00:16:54,215 connectionpool 2793 140400211027520 Starting new HTTPS connection (1): res.cloudinary.com:443
urllib3.connectionpool DEBUG 2024-06-05 00:16:54,263 connectionpool 2793 140400211027520 https://res.cloudinary.com:443 "GET /dddubflsq/raw/upload/v1/static/staticfiles.json HTTP/1.1" 200 4103
django.request WARNING 2024-06-05 00:17:59,556 log 2793 140400211027520 Not Found: /favicon.ico
django.utils.autoreload INFO 2024-06-05 00:23:46,239 autoreload 3199 139659018046336 Watching for file changes with StatReloader
urllib3.connectionpool DEBUG 2024-06-05 00:24:15,678 connectionpool 3199 139658956543552 Starting new HTTPS connection (1): res.cloudinary.com:443
urllib3.connectionpool DEBUG 2024-06-05 00:24:15,743 connectionpool 3199 139658956543552 https://res.cloudinary.com:443 "GET /dddubflsq/raw/upload/v1/static/staticfiles.json HTTP/1.1" 200 None
orders.views WARNING 2024-06-05 00:24:20,089 views 3199 139658956543552 1
orders.views WARNING 2024-06-05 00:24:20,090 views 3199 139658956543552 First Customer
orders.views WARNING 2024-06-05 00:24:20,665 views 3199 139658956543552 13
orders.views WARNING 2024-06-05 00:24:20,666 views 3199 139658956543552 Invoice object (1)
orders.views WARNING 2024-06-05 00:24:20,667 views 3199 139658956543552 14
orders.views WARNING 2024-06-05 00:24:20,667 views 3199 139658956543552 35.00
orders.views WARNING 2024-06-05 00:24:20,668 views 3199 139658956543552 35.00
orders.views WARNING 2024-06-05 00:24:20,668 views 3199 139658956543552 15
orders.views WARNING 2024-06-05 00:24:20,669 views 3199 139658956543552 First rental payment
orders.views WARNING 2024-06-05 00:24:20,669 views 3199 139658956543552 16
orders.views WARNING 2024-06-05 00:24:20,669 views 3199 139658956543552 False
orders.views WARNING 2024-06-05 00:24:20,670 views 3199 139658956543552 17
orders.views WARNING 2024-06-05 00:24:20,671 views 3199 139658956543552 Order object (4)
orders.views WARNING 2024-06-05 00:24:20,671 views 3199 139658956543552 18
orders.views WARNING 2024-06-05 00:24:20,896 views 3199 139658956543552 False
django.utils.autoreload INFO 2024-06-05 00:25:41,541 autoreload 3199 139659018046336 /workspaces/django-renterprise/orders/views.py changed, reloading.
django.utils.autoreload INFO 2024-06-05 00:25:44,210 autoreload 3336 139825575324544 Watching for file changes with StatReloader
django.utils.autoreload INFO 2024-06-05 00:25:48,174 autoreload 3336 139825575324544 /workspaces/django-renterprise/orders/views.py changed, reloading.
django.utils.autoreload INFO 2024-06-05 00:25:50,408 autoreload 3371 140631538572160 Watching for file changes with StatReloader
django.utils.autoreload INFO 2024-06-05 00:25:56,446 autoreload 3371 140631538572160 /workspaces/django-renterprise/orders/views.py changed, reloading.
django.utils.autoreload INFO 2024-06-05 00:25:58,423 autoreload 3404 140526520339328 Watching for file changes with StatReloader
django.utils.autoreload INFO 2024-06-05 00:56:20,825 autoreload 3900 140284090092416 Watching for file changes with StatReloader
urllib3.connectionpool DEBUG 2024-06-05 00:56:27,239 connectionpool 3900 140284028589632 Starting new HTTPS connection (1): res.cloudinary.com:443
urllib3.connectionpool DEBUG 2024-06-05 00:56:27,343 connectionpool 3900 140284028589632 https://res.cloudinary.com:443 "GET /dddubflsq/raw/upload/v1/static/staticfiles.json HTTP/1.1" 200 None
django.request WARNING 2024-06-05 00:56:28,524 log 3900 140284018361920 Not Found: /favicon.ico
orders.views WARNING 2024-06-05 00:57:36,757 views 3900 140284009969216 1
orders.views WARNING 2024-06-05 00:57:36,758 views 3900 140284009969216 First Customer
orders.views WARNING 2024-06-05 00:58:12,915 views 3900 140284009969216 1
orders.views WARNING 2024-06-05 00:58:12,916 views 3900 140284009969216 First Customer
django.request ERROR 2024-06-05 00:58:13,890 log 3900 140284009969216 Internal Server Error: /orders/8e05b134-0b51-46e4-ac9d-2e725f265a9b/create/
Traceback (most recent call last):
  File "/home/cistudent/.local/lib/python3.9/site-packages/django/core/handlers/exception.py", line 55, in inner
    response = get_response(request)
  File "/home/cistudent/.local/lib/python3.9/site-packages/django/core/handlers/base.py", line 197, in _get_response
    response = wrapped_callback(request, *callback_args, **callback_kwargs)
  File "/workspaces/django-renterprise/orders/views.py", line 56, in order_create
    update_item.income += order.cost_initial
TypeError: unsupported operand type(s) for +=: 'decimal.Decimal' and 'str'
django.utils.autoreload INFO 2024-06-05 00:59:01,947 autoreload 3900 140284090092416 /workspaces/django-renterprise/orders/views.py changed, reloading.
django.utils.autoreload INFO 2024-06-05 00:59:04,114 autoreload 4255 140341889387392 Watching for file changes with StatReloader
django.utils.autoreload INFO 2024-06-05 00:59:07,327 autoreload 4255 140341889387392 /workspaces/django-renterprise/orders/views.py changed, reloading.
django.utils.autoreload INFO 2024-06-05 00:59:09,402 autoreload 4279 140175710428032 Watching for file changes with StatReloader
urllib3.connectionpool DEBUG 2024-06-05 00:59:56,309 connectionpool 4279 140175581640256 Starting new HTTPS connection (1): res.cloudinary.com:443
urllib3.connectionpool DEBUG 2024-06-05 00:59:56,374 connectionpool 4279 140175581640256 https://res.cloudinary.com:443 "GET /dddubflsq/raw/upload/v1/static/staticfiles.json HTTP/1.1" 200 None
django.utils.autoreload INFO 2024-06-05 01:00:43,033 autoreload 4279 140175710428032 /workspaces/django-renterprise/orders/views.py changed, reloading.
django.utils.autoreload INFO 2024-06-05 01:00:45,004 autoreload 4422 140530941987712 Watching for file changes with StatReloader
django.utils.autoreload INFO 2024-06-05 01:00:46,612 autoreload 4422 140530941987712 /workspaces/django-renterprise/orders/views.py changed, reloading.
django.utils.autoreload INFO 2024-06-05 01:00:48,694 autoreload 4443 140688988609408 Watching for file changes with StatReloader
django.utils.autoreload INFO 2024-06-05 01:00:51,951 autoreload 4443 140688988609408 /workspaces/django-renterprise/orders/views.py changed, reloading.
django.utils.autoreload INFO 2024-06-05 01:00:54,608 autoreload 4467 139646658927488 Watching for file changes with StatReloader
django.utils.autoreload INFO 2024-06-05 01:01:02,450 autoreload 4467 139646658927488 /workspaces/django-renterprise/orders/views.py changed, reloading.
django.utils.autoreload INFO 2024-06-05 01:01:04,409 autoreload 4512 140061670345600 Watching for file changes with StatReloader
orders.views WARNING 2024-06-05 01:01:27,526 views 4512 140061608842816 1
orders.views WARNING 2024-06-05 01:01:27,527 views 4512 140061608842816 First Customer
orders.views WARNING 2024-06-05 01:01:28,298 views 4512 140061608842816 18
orders.views WARNING 2024-06-05 01:01:28,524 views 4512 140061608842816 False
urllib3.connectionpool DEBUG 2024-06-05 01:01:28,719 connectionpool 4512 140061608842816 Starting new HTTPS connection (1): res.cloudinary.com:443
urllib3.connectionpool DEBUG 2024-06-05 01:01:28,789 connectionpool 4512 140061608842816 https://res.cloudinary.com:443 "GET /dddubflsq/raw/upload/v1/static/staticfiles.json HTTP/1.1" 200 None
django.utils.autoreload INFO 2024-06-05 01:01:48,219 autoreload 4512 140061670345600 /workspaces/django-renterprise/orders/views.py changed, reloading.
django.utils.autoreload INFO 2024-06-05 01:01:50,426 autoreload 4601 139841496640384 Watching for file changes with StatReloader
urllib3.connectionpool DEBUG 2024-06-05 01:02:17,241 connectionpool 4601 139841435137600 Starting new HTTPS connection (1): res.cloudinary.com:443
urllib3.connectionpool DEBUG 2024-06-05 01:02:17,334 connectionpool 4601 139841435137600 https://res.cloudinary.com:443 "GET /dddubflsq/raw/upload/v1/static/staticfiles.json HTTP/1.1" 200 None
django.utils.autoreload INFO 2024-06-05 01:04:45,258 autoreload 4601 139841496640384 /workspaces/django-renterprise/orders/views.py changed, reloading.
django.utils.autoreload INFO 2024-06-05 01:04:47,619 autoreload 4824 140354981501824 Watching for file changes with StatReloader
django.utils.autoreload INFO 2024-06-05 01:04:53,128 autoreload 4824 140354981501824 /workspaces/django-renterprise/orders/views.py changed, reloading.
django.utils.autoreload INFO 2024-06-05 01:04:55,436 autoreload 4866 139779829357440 Watching for file changes with StatReloader
django.utils.autoreload INFO 2024-06-05 01:04:58,170 autoreload 4866 139779829357440 /workspaces/django-renterprise/orders/views.py changed, reloading.
django.utils.autoreload INFO 2024-06-05 01:05:00,334 autoreload 4890 140182032124800 Watching for file changes with StatReloader
urllib3.connectionpool DEBUG 2024-06-05 01:05:08,478 connectionpool 4890 140181970622016 Starting new HTTPS connection (1): res.cloudinary.com:443
urllib3.connectionpool DEBUG 2024-06-05 01:05:08,507 connectionpool 4890 140181970622016 https://res.cloudinary.com:443 "GET /dddubflsq/raw/upload/v1/static/staticfiles.json HTTP/1.1" 200 4103
django.request WARNING 2024-06-05 01:05:11,051 log 4890 140181970622016 Not Found: /favicon.ico
orders.views WARNING 2024-06-05 01:06:15,647 views 4890 140181970622016 1
orders.views WARNING 2024-06-05 01:06:15,647 views 4890 140181970622016 First Customer
orders.views WARNING 2024-06-05 01:06:36,160 views 4890 140181970622016 1
orders.views WARNING 2024-06-05 01:06:36,160 views 4890 140181970622016 First Customer
orders.views WARNING 2024-06-05 01:06:36,948 views 4890 140181970622016 18
orders.views WARNING 2024-06-05 01:06:36,948 views 4890 140181970622016 None
orders.views WARNING 2024-06-05 01:06:36,949 views 4890 140181970622016 None
django.utils.autoreload INFO 2024-06-05 01:10:43,660 autoreload 4890 140182032124800 /workspaces/django-renterprise/orders/views.py changed, reloading.
django.utils.autoreload INFO 2024-06-05 01:10:46,234 autoreload 5131 140587066973056 Watching for file changes with StatReloader
urllib3.connectionpool DEBUG 2024-06-05 01:11:03,677 connectionpool 5131 140587005470272 Starting new HTTPS connection (1): res.cloudinary.com:443
urllib3.connectionpool DEBUG 2024-06-05 01:11:03,733 connectionpool 5131 140587005470272 https://res.cloudinary.com:443 "GET /dddubflsq/raw/upload/v1/static/staticfiles.json HTTP/1.1" 200 None
orders.views WARNING 2024-06-05 01:11:41,951 views 5131 140587005470272 1
orders.views WARNING 2024-06-05 01:11:41,952 views 5131 140587005470272 First Customer
orders.views WARNING 2024-06-05 01:11:42,702 views 5131 140587005470272 18
orders.views WARNING 2024-06-05 01:11:42,703 views 5131 140587005470272 None
orders.views WARNING 2024-06-05 01:11:42,704 views 5131 140587005470272 None
django.utils.autoreload INFO 2024-06-05 01:15:11,748 autoreload 5498 139830357142400 Watching for file changes with StatReloader
urllib3.connectionpool DEBUG 2024-06-05 01:15:18,687 connectionpool 5498 139830295639616 Starting new HTTPS connection (1): res.cloudinary.com:443
urllib3.connectionpool DEBUG 2024-06-05 01:15:18,744 connectionpool 5498 139830295639616 https://res.cloudinary.com:443 "GET /dddubflsq/raw/upload/v1/static/staticfiles.json HTTP/1.1" 200 None
django.utils.autoreload INFO 2024-06-05 01:16:21,834 autoreload 5498 139830357142400 /workspaces/django-renterprise/orders/views.py changed, reloading.
django.utils.autoreload INFO 2024-06-05 01:16:24,233 autoreload 5578 139861859244928 Watching for file changes with StatReloader
django.utils.autoreload INFO 2024-06-05 01:16:28,847 autoreload 5578 139861859244928 /workspaces/django-renterprise/orders/views.py changed, reloading.
django.utils.autoreload INFO 2024-06-05 01:16:30,922 autoreload 5623 140153988627328 Watching for file changes with StatReloader
django.utils.autoreload INFO 2024-06-05 01:16:44,243 autoreload 5623 140153988627328 /workspaces/django-renterprise/orders/views.py changed, reloading.
django.utils.autoreload INFO 2024-06-05 01:16:46,510 autoreload 5665 140119052139392 Watching for file changes with StatReloader
django.utils.autoreload INFO 2024-06-05 01:16:56,548 autoreload 5665 140119052139392 /workspaces/django-renterprise/orders/views.py changed, reloading.
django.utils.autoreload INFO 2024-06-05 01:16:58,836 autoreload 5710 139750885927808 Watching for file changes with StatReloader
urllib3.connectionpool DEBUG 2024-06-05 01:27:10,609 connectionpool 5710 139750824425024 Starting new HTTPS connection (1): res.cloudinary.com:443
urllib3.connectionpool DEBUG 2024-06-05 01:27:10,697 connectionpool 5710 139750824425024 https://res.cloudinary.com:443 "GET /dddubflsq/raw/upload/v1/static/staticfiles.json HTTP/1.1" 200 None
django.request WARNING 2024-06-05 01:28:20,040 log 5710 139750824425024 Not Found: /orders/view/8
django.request WARNING 2024-06-05 01:28:20,261 log 5710 139750824425024 Not Found: /favicon.ico
django.utils.autoreload INFO 2024-06-05 11:14:22,104 autoreload 731 140121825033088 Watching for file changes with StatReloader
urllib3.connectionpool DEBUG 2024-06-05 11:14:29,961 connectionpool 731 140121696368192 Starting new HTTPS connection (1): res.cloudinary.com:443
urllib3.connectionpool DEBUG 2024-06-05 11:14:29,994 connectionpool 731 140121696368192 https://res.cloudinary.com:443 "GET /dddubflsq/raw/upload/v1/static/staticfiles.json HTTP/1.1" 200 4103
django.request WARNING 2024-06-05 11:14:54,861 log 731 140121696368192 Not Found: /customers/8e05b134-0b51-46e4-ac9d-2e725f265a9b/orders/styles.css.map
django.request ERROR 2024-06-05 11:19:29,799 log 731 140121696368192 Internal Server Error: /customers/8e05b134-0b51-46e4-ac9d-2e725f265a9b/orders/8
Traceback (most recent call last):
  File "/home/cistudent/.local/lib/python3.9/site-packages/django/template/base.py", line 505, in parse
    compile_func = self.tags[command]
KeyError: 'blocktrans'

During handling of the above exception, another exception occurred:

Traceback (most recent call last):
  File "/home/cistudent/.local/lib/python3.9/site-packages/django/core/handlers/exception.py", line 55, in inner
    response = get_response(request)
  File "/home/cistudent/.local/lib/python3.9/site-packages/django/core/handlers/base.py", line 197, in _get_response
    response = wrapped_callback(request, *callback_args, **callback_kwargs)
  File "/workspaces/django-renterprise/customers/views.py", line 200, in customer_order_view
    return render(
  File "/home/cistudent/.local/lib/python3.9/site-packages/django/shortcuts.py", line 24, in render
    content = loader.render_to_string(template_name, context, request, using=using)
  File "/home/cistudent/.local/lib/python3.9/site-packages/django/template/loader.py", line 62, in render_to_string
    return template.render(context, request)
  File "/home/cistudent/.local/lib/python3.9/site-packages/django/template/backends/django.py", line 61, in render
    return self.template.render(context)
  File "/home/cistudent/.local/lib/python3.9/site-packages/django/template/base.py", line 175, in render
    return self._render(context)
  File "/home/cistudent/.local/lib/python3.9/site-packages/django/template/base.py", line 167, in _render
    return self.nodelist.render(context)
  File "/home/cistudent/.local/lib/python3.9/site-packages/django/template/base.py", line 1005, in render
    return SafeString("".join([node.render_annotated(context) for node in self]))
  File "/home/cistudent/.local/lib/python3.9/site-packages/django/template/base.py", line 1005, in <listcomp>
    return SafeString("".join([node.render_annotated(context) for node in self]))
  File "/home/cistudent/.local/lib/python3.9/site-packages/django/template/base.py", line 966, in render_annotated
    return self.render(context)
  File "/home/cistudent/.local/lib/python3.9/site-packages/django/template/loader_tags.py", line 54, in render
    result = self.nodelist.render(context)
  File "/home/cistudent/.local/lib/python3.9/site-packages/django/template/base.py", line 1005, in render
    return SafeString("".join([node.render_annotated(context) for node in self]))
  File "/home/cistudent/.local/lib/python3.9/site-packages/django/template/base.py", line 1005, in <listcomp>
    return SafeString("".join([node.render_annotated(context) for node in self]))
  File "/home/cistudent/.local/lib/python3.9/site-packages/django/template/base.py", line 966, in render_annotated
    return self.render(context)
  File "/home/cistudent/.local/lib/python3.9/site-packages/django/template/defaulttags.py", line 321, in render
    return nodelist.render(context)
  File "/home/cistudent/.local/lib/python3.9/site-packages/django/template/base.py", line 1005, in render
    return SafeString("".join([node.render_annotated(context) for node in self]))
  File "/home/cistudent/.local/lib/python3.9/site-packages/django/template/base.py", line 1005, in <listcomp>
    return SafeString("".join([node.render_annotated(context) for node in self]))
  File "/home/cistudent/.local/lib/python3.9/site-packages/django/template/base.py", line 966, in render_annotated
    return self.render(context)
  File "/home/cistudent/.local/lib/python3.9/site-packages/django/template/loader_tags.py", line 197, in render
    template = context.template.engine.select_template(template_name)
  File "/home/cistudent/.local/lib/python3.9/site-packages/django/template/engine.py", line 206, in select_template
    return self.get_template(template_name)
  File "/home/cistudent/.local/lib/python3.9/site-packages/django/template/engine.py", line 175, in get_template
    template, origin = self.find_template(template_name)
  File "/home/cistudent/.local/lib/python3.9/site-packages/django/template/engine.py", line 157, in find_template
    template = loader.get_template(name, skip=skip)
  File "/home/cistudent/.local/lib/python3.9/site-packages/django/template/loaders/cached.py", line 57, in get_template
    template = super().get_template(template_name, skip)
  File "/home/cistudent/.local/lib/python3.9/site-packages/django/template/loaders/base.py", line 28, in get_template
    return Template(
  File "/home/cistudent/.local/lib/python3.9/site-packages/django/template/base.py", line 154, in __init__
    self.nodelist = self.compile_nodelist()
  File "/home/cistudent/.local/lib/python3.9/site-packages/django/template/base.py", line 200, in compile_nodelist
    return parser.parse()
  File "/home/cistudent/.local/lib/python3.9/site-packages/django/template/base.py", line 513, in parse
    raise self.error(token, e)
  File "/home/cistudent/.local/lib/python3.9/site-packages/django/template/base.py", line 511, in parse
    compiled_result = compile_func(self, token)
  File "/home/cistudent/.local/lib/python3.9/site-packages/django/template/defaulttags.py", line 967, in do_if
    nodelist = parser.parse(("endif",))
  File "/home/cistudent/.local/lib/python3.9/site-packages/django/template/base.py", line 507, in parse
    self.invalid_block_tag(token, command, parse_until)
  File "/home/cistudent/.local/lib/python3.9/site-packages/django/template/base.py", line 558, in invalid_block_tag
    raise self.error(
django.template.exceptions.TemplateSyntaxError: Invalid block tag on line 47: 'blocktrans', expected 'endif'. Did you forget to register or load this tag?
django.request WARNING 2024-06-05 11:19:30,778 log 731 140121696368192 Not Found: /favicon.ico
django.request WARNING 2024-06-05 11:19:30,931 log 731 140121696368192 Not Found: /customers/8e05b134-0b51-46e4-ac9d-2e725f265a9b/orders/styles.css.map
django.request ERROR 2024-06-05 11:20:57,788 log 731 140121696368192 Internal Server Error: /customers/8e05b134-0b51-46e4-ac9d-2e725f265a9b/orders/8
Traceback (most recent call last):
  File "/home/cistudent/.local/lib/python3.9/site-packages/django/template/base.py", line 505, in parse
    compile_func = self.tags[command]
KeyError: 'blocktrans'

During handling of the above exception, another exception occurred:

Traceback (most recent call last):
  File "/home/cistudent/.local/lib/python3.9/site-packages/django/core/handlers/exception.py", line 55, in inner
    response = get_response(request)
  File "/home/cistudent/.local/lib/python3.9/site-packages/django/core/handlers/base.py", line 197, in _get_response
    response = wrapped_callback(request, *callback_args, **callback_kwargs)
  File "/workspaces/django-renterprise/customers/views.py", line 200, in customer_order_view
    return render(
  File "/home/cistudent/.local/lib/python3.9/site-packages/django/shortcuts.py", line 24, in render
    content = loader.render_to_string(template_name, context, request, using=using)
  File "/home/cistudent/.local/lib/python3.9/site-packages/django/template/loader.py", line 62, in render_to_string
    return template.render(context, request)
  File "/home/cistudent/.local/lib/python3.9/site-packages/django/template/backends/django.py", line 61, in render
    return self.template.render(context)
  File "/home/cistudent/.local/lib/python3.9/site-packages/django/template/base.py", line 175, in render
    return self._render(context)
  File "/home/cistudent/.local/lib/python3.9/site-packages/django/template/base.py", line 167, in _render
    return self.nodelist.render(context)
  File "/home/cistudent/.local/lib/python3.9/site-packages/django/template/base.py", line 1005, in render
    return SafeString("".join([node.render_annotated(context) for node in self]))
  File "/home/cistudent/.local/lib/python3.9/site-packages/django/template/base.py", line 1005, in <listcomp>
    return SafeString("".join([node.render_annotated(context) for node in self]))
  File "/home/cistudent/.local/lib/python3.9/site-packages/django/template/base.py", line 966, in render_annotated
    return self.render(context)
  File "/home/cistudent/.local/lib/python3.9/site-packages/django/template/loader_tags.py", line 157, in render
    return compiled_parent._render(context)
  File "/home/cistudent/.local/lib/python3.9/site-packages/django/template/base.py", line 167, in _render
    return self.nodelist.render(context)
  File "/home/cistudent/.local/lib/python3.9/site-packages/django/template/base.py", line 1005, in render
    return SafeString("".join([node.render_annotated(context) for node in self]))
  File "/home/cistudent/.local/lib/python3.9/site-packages/django/template/base.py", line 1005, in <listcomp>
    return SafeString("".join([node.render_annotated(context) for node in self]))
  File "/home/cistudent/.local/lib/python3.9/site-packages/django/template/base.py", line 966, in render_annotated
    return self.render(context)
  File "/home/cistudent/.local/lib/python3.9/site-packages/django/template/loader_tags.py", line 63, in render
    result = block.nodelist.render(context)
  File "/home/cistudent/.local/lib/python3.9/site-packages/django/template/base.py", line 1005, in render
    return SafeString("".join([node.render_annotated(context) for node in self]))
  File "/home/cistudent/.local/lib/python3.9/site-packages/django/template/base.py", line 1005, in <listcomp>
    return SafeString("".join([node.render_annotated(context) for node in self]))
  File "/home/cistudent/.local/lib/python3.9/site-packages/django/template/base.py", line 966, in render_annotated
    return self.render(context)
  File "/home/cistudent/.local/lib/python3.9/site-packages/django/template/defaulttags.py", line 321, in render
    return nodelist.render(context)
  File "/home/cistudent/.local/lib/python3.9/site-packages/django/template/base.py", line 1005, in render
    return SafeString("".join([node.render_annotated(context) for node in self]))
  File "/home/cistudent/.local/lib/python3.9/site-packages/django/template/base.py", line 1005, in <listcomp>
    return SafeString("".join([node.render_annotated(context) for node in self]))
  File "/home/cistudent/.local/lib/python3.9/site-packages/django/template/base.py", line 966, in render_annotated
    return self.render(context)
  File "/home/cistudent/.local/lib/python3.9/site-packages/django/template/loader_tags.py", line 197, in render
    template = context.template.engine.select_template(template_name)
  File "/home/cistudent/.local/lib/python3.9/site-packages/django/template/engine.py", line 206, in select_template
    return self.get_template(template_name)
  File "/home/cistudent/.local/lib/python3.9/site-packages/django/template/engine.py", line 175, in get_template
    template, origin = self.find_template(template_name)
  File "/home/cistudent/.local/lib/python3.9/site-packages/django/template/engine.py", line 157, in find_template
    template = loader.get_template(name, skip=skip)
  File "/home/cistudent/.local/lib/python3.9/site-packages/django/template/loaders/cached.py", line 57, in get_template
    template = super().get_template(template_name, skip)
  File "/home/cistudent/.local/lib/python3.9/site-packages/django/template/loaders/base.py", line 28, in get_template
    return Template(
  File "/home/cistudent/.local/lib/python3.9/site-packages/django/template/base.py", line 154, in __init__
    self.nodelist = self.compile_nodelist()
  File "/home/cistudent/.local/lib/python3.9/site-packages/django/template/base.py", line 200, in compile_nodelist
    return parser.parse()
  File "/home/cistudent/.local/lib/python3.9/site-packages/django/template/base.py", line 513, in parse
    raise self.error(token, e)
  File "/home/cistudent/.local/lib/python3.9/site-packages/django/template/base.py", line 511, in parse
    compiled_result = compile_func(self, token)
  File "/home/cistudent/.local/lib/python3.9/site-packages/django/template/defaulttags.py", line 967, in do_if
    nodelist = parser.parse(("endif",))
  File "/home/cistudent/.local/lib/python3.9/site-packages/django/template/base.py", line 507, in parse
    self.invalid_block_tag(token, command, parse_until)
  File "/home/cistudent/.local/lib/python3.9/site-packages/django/template/base.py", line 558, in invalid_block_tag
    raise self.error(
django.template.exceptions.TemplateSyntaxError: Invalid block tag on line 47: 'blocktrans', expected 'endif'. Did you forget to register or load this tag?
django.request WARNING 2024-06-05 11:20:58,620 log 731 140121696368192 Not Found: /favicon.ico
django.request WARNING 2024-06-05 11:20:58,681 log 731 140121696368192 Not Found: /customers/8e05b134-0b51-46e4-ac9d-2e725f265a9b/orders/styles.css.map
django.request ERROR 2024-06-05 11:21:55,400 log 731 140121696368192 Internal Server Error: /customers/8e05b134-0b51-46e4-ac9d-2e725f265a9b/orders/8
Traceback (most recent call last):
  File "/home/cistudent/.local/lib/python3.9/site-packages/django/template/base.py", line 505, in parse
    compile_func = self.tags[command]
KeyError: 'blocktrans'

During handling of the above exception, another exception occurred:

Traceback (most recent call last):
  File "/home/cistudent/.local/lib/python3.9/site-packages/django/core/handlers/exception.py", line 55, in inner
    response = get_response(request)
  File "/home/cistudent/.local/lib/python3.9/site-packages/django/core/handlers/base.py", line 197, in _get_response
    response = wrapped_callback(request, *callback_args, **callback_kwargs)
  File "/workspaces/django-renterprise/customers/views.py", line 200, in customer_order_view
    return render(
  File "/home/cistudent/.local/lib/python3.9/site-packages/django/shortcuts.py", line 24, in render
    content = loader.render_to_string(template_name, context, request, using=using)
  File "/home/cistudent/.local/lib/python3.9/site-packages/django/template/loader.py", line 62, in render_to_string
    return template.render(context, request)
  File "/home/cistudent/.local/lib/python3.9/site-packages/django/template/backends/django.py", line 61, in render
    return self.template.render(context)
  File "/home/cistudent/.local/lib/python3.9/site-packages/django/template/base.py", line 175, in render
    return self._render(context)
  File "/home/cistudent/.local/lib/python3.9/site-packages/django/template/base.py", line 167, in _render
    return self.nodelist.render(context)
  File "/home/cistudent/.local/lib/python3.9/site-packages/django/template/base.py", line 1005, in render
    return SafeString("".join([node.render_annotated(context) for node in self]))
  File "/home/cistudent/.local/lib/python3.9/site-packages/django/template/base.py", line 1005, in <listcomp>
    return SafeString("".join([node.render_annotated(context) for node in self]))
  File "/home/cistudent/.local/lib/python3.9/site-packages/django/template/base.py", line 966, in render_annotated
    return self.render(context)
  File "/home/cistudent/.local/lib/python3.9/site-packages/django/template/loader_tags.py", line 157, in render
    return compiled_parent._render(context)
  File "/home/cistudent/.local/lib/python3.9/site-packages/django/template/base.py", line 167, in _render
    return self.nodelist.render(context)
  File "/home/cistudent/.local/lib/python3.9/site-packages/django/template/base.py", line 1005, in render
    return SafeString("".join([node.render_annotated(context) for node in self]))
  File "/home/cistudent/.local/lib/python3.9/site-packages/django/template/base.py", line 1005, in <listcomp>
    return SafeString("".join([node.render_annotated(context) for node in self]))
  File "/home/cistudent/.local/lib/python3.9/site-packages/django/template/base.py", line 966, in render_annotated
    return self.render(context)
  File "/home/cistudent/.local/lib/python3.9/site-packages/django/template/loader_tags.py", line 63, in render
    result = block.nodelist.render(context)
  File "/home/cistudent/.local/lib/python3.9/site-packages/django/template/base.py", line 1005, in render
    return SafeString("".join([node.render_annotated(context) for node in self]))
  File "/home/cistudent/.local/lib/python3.9/site-packages/django/template/base.py", line 1005, in <listcomp>
    return SafeString("".join([node.render_annotated(context) for node in self]))
  File "/home/cistudent/.local/lib/python3.9/site-packages/django/template/base.py", line 966, in render_annotated
    return self.render(context)
  File "/home/cistudent/.local/lib/python3.9/site-packages/django/template/defaulttags.py", line 321, in render
    return nodelist.render(context)
  File "/home/cistudent/.local/lib/python3.9/site-packages/django/template/base.py", line 1005, in render
    return SafeString("".join([node.render_annotated(context) for node in self]))
  File "/home/cistudent/.local/lib/python3.9/site-packages/django/template/base.py", line 1005, in <listcomp>
    return SafeString("".join([node.render_annotated(context) for node in self]))
  File "/home/cistudent/.local/lib/python3.9/site-packages/django/template/base.py", line 966, in render_annotated
    return self.render(context)
  File "/home/cistudent/.local/lib/python3.9/site-packages/django/template/loader_tags.py", line 197, in render
    template = context.template.engine.select_template(template_name)
  File "/home/cistudent/.local/lib/python3.9/site-packages/django/template/engine.py", line 206, in select_template
    return self.get_template(template_name)
  File "/home/cistudent/.local/lib/python3.9/site-packages/django/template/engine.py", line 175, in get_template
    template, origin = self.find_template(template_name)
  File "/home/cistudent/.local/lib/python3.9/site-packages/django/template/engine.py", line 157, in find_template
    template = loader.get_template(name, skip=skip)
  File "/home/cistudent/.local/lib/python3.9/site-packages/django/template/loaders/cached.py", line 57, in get_template
    template = super().get_template(template_name, skip)
  File "/home/cistudent/.local/lib/python3.9/site-packages/django/template/loaders/base.py", line 28, in get_template
    return Template(
  File "/home/cistudent/.local/lib/python3.9/site-packages/django/template/base.py", line 154, in __init__
    self.nodelist = self.compile_nodelist()
  File "/home/cistudent/.local/lib/python3.9/site-packages/django/template/base.py", line 200, in compile_nodelist
    return parser.parse()
  File "/home/cistudent/.local/lib/python3.9/site-packages/django/template/base.py", line 513, in parse
    raise self.error(token, e)
  File "/home/cistudent/.local/lib/python3.9/site-packages/django/template/base.py", line 511, in parse
    compiled_result = compile_func(self, token)
  File "/home/cistudent/.local/lib/python3.9/site-packages/django/template/defaulttags.py", line 967, in do_if
    nodelist = parser.parse(("endif",))
  File "/home/cistudent/.local/lib/python3.9/site-packages/django/template/base.py", line 507, in parse
    self.invalid_block_tag(token, command, parse_until)
  File "/home/cistudent/.local/lib/python3.9/site-packages/django/template/base.py", line 558, in invalid_block_tag
    raise self.error(
django.template.exceptions.TemplateSyntaxError: Invalid block tag on line 47: 'blocktrans', expected 'endif'. Did you forget to register or load this tag?
django.request WARNING 2024-06-05 11:21:56,255 log 731 140121696368192 Not Found: /favicon.ico
django.request WARNING 2024-06-05 11:21:56,355 log 731 140121696368192 Not Found: /customers/8e05b134-0b51-46e4-ac9d-2e725f265a9b/orders/styles.css.map
django.request ERROR 2024-06-05 11:22:01,078 log 731 140121696368192 Internal Server Error: /customers/8e05b134-0b51-46e4-ac9d-2e725f265a9b/orders/8
Traceback (most recent call last):
  File "/home/cistudent/.local/lib/python3.9/site-packages/django/template/base.py", line 505, in parse
    compile_func = self.tags[command]
KeyError: 'blocktrans'

During handling of the above exception, another exception occurred:

Traceback (most recent call last):
  File "/home/cistudent/.local/lib/python3.9/site-packages/django/core/handlers/exception.py", line 55, in inner
    response = get_response(request)
  File "/home/cistudent/.local/lib/python3.9/site-packages/django/core/handlers/base.py", line 197, in _get_response
    response = wrapped_callback(request, *callback_args, **callback_kwargs)
  File "/workspaces/django-renterprise/customers/views.py", line 200, in customer_order_view
    return render(
  File "/home/cistudent/.local/lib/python3.9/site-packages/django/shortcuts.py", line 24, in render
    content = loader.render_to_string(template_name, context, request, using=using)
  File "/home/cistudent/.local/lib/python3.9/site-packages/django/template/loader.py", line 62, in render_to_string
    return template.render(context, request)
  File "/home/cistudent/.local/lib/python3.9/site-packages/django/template/backends/django.py", line 61, in render
    return self.template.render(context)
  File "/home/cistudent/.local/lib/python3.9/site-packages/django/template/base.py", line 175, in render
    return self._render(context)
  File "/home/cistudent/.local/lib/python3.9/site-packages/django/template/base.py", line 167, in _render
    return self.nodelist.render(context)
  File "/home/cistudent/.local/lib/python3.9/site-packages/django/template/base.py", line 1005, in render
    return SafeString("".join([node.render_annotated(context) for node in self]))
  File "/home/cistudent/.local/lib/python3.9/site-packages/django/template/base.py", line 1005, in <listcomp>
    return SafeString("".join([node.render_annotated(context) for node in self]))
  File "/home/cistudent/.local/lib/python3.9/site-packages/django/template/base.py", line 966, in render_annotated
    return self.render(context)
  File "/home/cistudent/.local/lib/python3.9/site-packages/django/template/loader_tags.py", line 157, in render
    return compiled_parent._render(context)
  File "/home/cistudent/.local/lib/python3.9/site-packages/django/template/base.py", line 167, in _render
    return self.nodelist.render(context)
  File "/home/cistudent/.local/lib/python3.9/site-packages/django/template/base.py", line 1005, in render
    return SafeString("".join([node.render_annotated(context) for node in self]))
  File "/home/cistudent/.local/lib/python3.9/site-packages/django/template/base.py", line 1005, in <listcomp>
    return SafeString("".join([node.render_annotated(context) for node in self]))
  File "/home/cistudent/.local/lib/python3.9/site-packages/django/template/base.py", line 966, in render_annotated
    return self.render(context)
  File "/home/cistudent/.local/lib/python3.9/site-packages/django/template/loader_tags.py", line 63, in render
    result = block.nodelist.render(context)
  File "/home/cistudent/.local/lib/python3.9/site-packages/django/template/base.py", line 1005, in render
    return SafeString("".join([node.render_annotated(context) for node in self]))
  File "/home/cistudent/.local/lib/python3.9/site-packages/django/template/base.py", line 1005, in <listcomp>
    return SafeString("".join([node.render_annotated(context) for node in self]))
  File "/home/cistudent/.local/lib/python3.9/site-packages/django/template/base.py", line 966, in render_annotated
    return self.render(context)
  File "/home/cistudent/.local/lib/python3.9/site-packages/django/template/defaulttags.py", line 321, in render
    return nodelist.render(context)
  File "/home/cistudent/.local/lib/python3.9/site-packages/django/template/base.py", line 1005, in render
    return SafeString("".join([node.render_annotated(context) for node in self]))
  File "/home/cistudent/.local/lib/python3.9/site-packages/django/template/base.py", line 1005, in <listcomp>
    return SafeString("".join([node.render_annotated(context) for node in self]))
  File "/home/cistudent/.local/lib/python3.9/site-packages/django/template/base.py", line 966, in render_annotated
    return self.render(context)
  File "/home/cistudent/.local/lib/python3.9/site-packages/django/template/loader_tags.py", line 197, in render
    template = context.template.engine.select_template(template_name)
  File "/home/cistudent/.local/lib/python3.9/site-packages/django/template/engine.py", line 206, in select_template
    return self.get_template(template_name)
  File "/home/cistudent/.local/lib/python3.9/site-packages/django/template/engine.py", line 175, in get_template
    template, origin = self.find_template(template_name)
  File "/home/cistudent/.local/lib/python3.9/site-packages/django/template/engine.py", line 157, in find_template
    template = loader.get_template(name, skip=skip)
  File "/home/cistudent/.local/lib/python3.9/site-packages/django/template/loaders/cached.py", line 57, in get_template
    template = super().get_template(template_name, skip)
  File "/home/cistudent/.local/lib/python3.9/site-packages/django/template/loaders/base.py", line 28, in get_template
    return Template(
  File "/home/cistudent/.local/lib/python3.9/site-packages/django/template/base.py", line 154, in __init__
    self.nodelist = self.compile_nodelist()
  File "/home/cistudent/.local/lib/python3.9/site-packages/django/template/base.py", line 200, in compile_nodelist
    return parser.parse()
  File "/home/cistudent/.local/lib/python3.9/site-packages/django/template/base.py", line 513, in parse
    raise self.error(token, e)
  File "/home/cistudent/.local/lib/python3.9/site-packages/django/template/base.py", line 511, in parse
    compiled_result = compile_func(self, token)
  File "/home/cistudent/.local/lib/python3.9/site-packages/django/template/defaulttags.py", line 967, in do_if
    nodelist = parser.parse(("endif",))
  File "/home/cistudent/.local/lib/python3.9/site-packages/django/template/base.py", line 507, in parse
    self.invalid_block_tag(token, command, parse_until)
  File "/home/cistudent/.local/lib/python3.9/site-packages/django/template/base.py", line 558, in invalid_block_tag
    raise self.error(
django.template.exceptions.TemplateSyntaxError: Invalid block tag on line 47: 'blocktrans', expected 'endif'. Did you forget to register or load this tag?
django.request WARNING 2024-06-05 11:22:01,849 log 731 140121696368192 Not Found: /favicon.ico
django.request WARNING 2024-06-05 11:22:01,880 log 731 140121696368192 Not Found: /customers/8e05b134-0b51-46e4-ac9d-2e725f265a9b/orders/styles.css.map
django.request ERROR 2024-06-05 11:23:11,390 log 731 140121696368192 Internal Server Error: /customers/8e05b134-0b51-46e4-ac9d-2e725f265a9b/orders/8
Traceback (most recent call last):
  File "/home/cistudent/.local/lib/python3.9/site-packages/django/template/base.py", line 505, in parse
    compile_func = self.tags[command]
KeyError: 'endblock'

During handling of the above exception, another exception occurred:

Traceback (most recent call last):
  File "/home/cistudent/.local/lib/python3.9/site-packages/django/core/handlers/exception.py", line 55, in inner
    response = get_response(request)
  File "/home/cistudent/.local/lib/python3.9/site-packages/django/core/handlers/base.py", line 197, in _get_response
    response = wrapped_callback(request, *callback_args, **callback_kwargs)
  File "/workspaces/django-renterprise/customers/views.py", line 200, in customer_order_view
    return render(
  File "/home/cistudent/.local/lib/python3.9/site-packages/django/shortcuts.py", line 24, in render
    content = loader.render_to_string(template_name, context, request, using=using)
  File "/home/cistudent/.local/lib/python3.9/site-packages/django/template/loader.py", line 62, in render_to_string
    return template.render(context, request)
  File "/home/cistudent/.local/lib/python3.9/site-packages/django/template/backends/django.py", line 61, in render
    return self.template.render(context)
  File "/home/cistudent/.local/lib/python3.9/site-packages/django/template/base.py", line 175, in render
    return self._render(context)
  File "/home/cistudent/.local/lib/python3.9/site-packages/django/template/base.py", line 167, in _render
    return self.nodelist.render(context)
  File "/home/cistudent/.local/lib/python3.9/site-packages/django/template/base.py", line 1005, in render
    return SafeString("".join([node.render_annotated(context) for node in self]))
  File "/home/cistudent/.local/lib/python3.9/site-packages/django/template/base.py", line 1005, in <listcomp>
    return SafeString("".join([node.render_annotated(context) for node in self]))
  File "/home/cistudent/.local/lib/python3.9/site-packages/django/template/base.py", line 966, in render_annotated
    return self.render(context)
  File "/home/cistudent/.local/lib/python3.9/site-packages/django/template/loader_tags.py", line 157, in render
    return compiled_parent._render(context)
  File "/home/cistudent/.local/lib/python3.9/site-packages/django/template/base.py", line 167, in _render
    return self.nodelist.render(context)
  File "/home/cistudent/.local/lib/python3.9/site-packages/django/template/base.py", line 1005, in render
    return SafeString("".join([node.render_annotated(context) for node in self]))
  File "/home/cistudent/.local/lib/python3.9/site-packages/django/template/base.py", line 1005, in <listcomp>
    return SafeString("".join([node.render_annotated(context) for node in self]))
  File "/home/cistudent/.local/lib/python3.9/site-packages/django/template/base.py", line 966, in render_annotated
    return self.render(context)
  File "/home/cistudent/.local/lib/python3.9/site-packages/django/template/loader_tags.py", line 63, in render
    result = block.nodelist.render(context)
  File "/home/cistudent/.local/lib/python3.9/site-packages/django/template/base.py", line 1005, in render
    return SafeString("".join([node.render_annotated(context) for node in self]))
  File "/home/cistudent/.local/lib/python3.9/site-packages/django/template/base.py", line 1005, in <listcomp>
    return SafeString("".join([node.render_annotated(context) for node in self]))
  File "/home/cistudent/.local/lib/python3.9/site-packages/django/template/base.py", line 966, in render_annotated
    return self.render(context)
  File "/home/cistudent/.local/lib/python3.9/site-packages/django/template/defaulttags.py", line 321, in render
    return nodelist.render(context)
  File "/home/cistudent/.local/lib/python3.9/site-packages/django/template/base.py", line 1005, in render
    return SafeString("".join([node.render_annotated(context) for node in self]))
  File "/home/cistudent/.local/lib/python3.9/site-packages/django/template/base.py", line 1005, in <listcomp>
    return SafeString("".join([node.render_annotated(context) for node in self]))
  File "/home/cistudent/.local/lib/python3.9/site-packages/django/template/base.py", line 966, in render_annotated
    return self.render(context)
  File "/home/cistudent/.local/lib/python3.9/site-packages/django/template/loader_tags.py", line 197, in render
    template = context.template.engine.select_template(template_name)
  File "/home/cistudent/.local/lib/python3.9/site-packages/django/template/engine.py", line 206, in select_template
    return self.get_template(template_name)
  File "/home/cistudent/.local/lib/python3.9/site-packages/django/template/engine.py", line 175, in get_template
    template, origin = self.find_template(template_name)
  File "/home/cistudent/.local/lib/python3.9/site-packages/django/template/engine.py", line 157, in find_template
    template = loader.get_template(name, skip=skip)
  File "/home/cistudent/.local/lib/python3.9/site-packages/django/template/loaders/cached.py", line 57, in get_template
    template = super().get_template(template_name, skip)
  File "/home/cistudent/.local/lib/python3.9/site-packages/django/template/loaders/base.py", line 28, in get_template
    return Template(
  File "/home/cistudent/.local/lib/python3.9/site-packages/django/template/base.py", line 154, in __init__
    self.nodelist = self.compile_nodelist()
  File "/home/cistudent/.local/lib/python3.9/site-packages/django/template/base.py", line 200, in compile_nodelist
    return parser.parse()
  File "/home/cistudent/.local/lib/python3.9/site-packages/django/template/base.py", line 513, in parse
    raise self.error(token, e)
  File "/home/cistudent/.local/lib/python3.9/site-packages/django/template/base.py", line 511, in parse
    compiled_result = compile_func(self, token)
  File "/home/cistudent/.local/lib/python3.9/site-packages/django/template/defaulttags.py", line 967, in do_if
    nodelist = parser.parse(("endif",))
  File "/home/cistudent/.local/lib/python3.9/site-packages/django/template/base.py", line 507, in parse
    self.invalid_block_tag(token, command, parse_until)
  File "/home/cistudent/.local/lib/python3.9/site-packages/django/template/base.py", line 558, in invalid_block_tag
    raise self.error(
django.template.exceptions.TemplateSyntaxError: Invalid block tag on line 72: 'endblock', expected 'endif'. Did you forget to register or load this tag?
django.request WARNING 2024-06-05 11:23:12,269 log 731 140121696368192 Not Found: /favicon.ico
django.request WARNING 2024-06-05 11:23:12,368 log 731 140121696368192 Not Found: /customers/8e05b134-0b51-46e4-ac9d-2e725f265a9b/orders/styles.css.map
django.request ERROR 2024-06-05 11:23:47,385 log 731 140121696368192 Internal Server Error: /customers/8e05b134-0b51-46e4-ac9d-2e725f265a9b/orders/8
Traceback (most recent call last):
  File "/home/cistudent/.local/lib/python3.9/site-packages/django/template/backends/django.py", line 61, in render
    return self.template.render(context)
  File "/home/cistudent/.local/lib/python3.9/site-packages/django/template/base.py", line 175, in render
    return self._render(context)
  File "/home/cistudent/.local/lib/python3.9/site-packages/django/template/base.py", line 167, in _render
    return self.nodelist.render(context)
  File "/home/cistudent/.local/lib/python3.9/site-packages/django/template/base.py", line 1005, in render
    return SafeString("".join([node.render_annotated(context) for node in self]))
  File "/home/cistudent/.local/lib/python3.9/site-packages/django/template/base.py", line 1005, in <listcomp>
    return SafeString("".join([node.render_annotated(context) for node in self]))
  File "/home/cistudent/.local/lib/python3.9/site-packages/django/template/base.py", line 966, in render_annotated
    return self.render(context)
  File "/home/cistudent/.local/lib/python3.9/site-packages/django/template/loader_tags.py", line 157, in render
    return compiled_parent._render(context)
  File "/home/cistudent/.local/lib/python3.9/site-packages/django/template/base.py", line 167, in _render
    return self.nodelist.render(context)
  File "/home/cistudent/.local/lib/python3.9/site-packages/django/template/base.py", line 1005, in render
    return SafeString("".join([node.render_annotated(context) for node in self]))
  File "/home/cistudent/.local/lib/python3.9/site-packages/django/template/base.py", line 1005, in <listcomp>
    return SafeString("".join([node.render_annotated(context) for node in self]))
  File "/home/cistudent/.local/lib/python3.9/site-packages/django/template/base.py", line 966, in render_annotated
    return self.render(context)
  File "/home/cistudent/.local/lib/python3.9/site-packages/django/template/loader_tags.py", line 63, in render
    result = block.nodelist.render(context)
  File "/home/cistudent/.local/lib/python3.9/site-packages/django/template/base.py", line 1005, in render
    return SafeString("".join([node.render_annotated(context) for node in self]))
  File "/home/cistudent/.local/lib/python3.9/site-packages/django/template/base.py", line 1005, in <listcomp>
    return SafeString("".join([node.render_annotated(context) for node in self]))
  File "/home/cistudent/.local/lib/python3.9/site-packages/django/template/base.py", line 966, in render_annotated
    return self.render(context)
  File "/home/cistudent/.local/lib/python3.9/site-packages/django/template/defaulttags.py", line 321, in render
    return nodelist.render(context)
  File "/home/cistudent/.local/lib/python3.9/site-packages/django/template/base.py", line 1005, in render
    return SafeString("".join([node.render_annotated(context) for node in self]))
  File "/home/cistudent/.local/lib/python3.9/site-packages/django/template/base.py", line 1005, in <listcomp>
    return SafeString("".join([node.render_annotated(context) for node in self]))
  File "/home/cistudent/.local/lib/python3.9/site-packages/django/template/base.py", line 966, in render_annotated
    return self.render(context)
  File "/home/cistudent/.local/lib/python3.9/site-packages/django/template/loader_tags.py", line 197, in render
    template = context.template.engine.select_template(template_name)
  File "/home/cistudent/.local/lib/python3.9/site-packages/django/template/engine.py", line 212, in select_template
    raise TemplateDoesNotExist(", ".join(not_found))
django.template.exceptions.TemplateDoesNotExist: order_invoice.html

The above exception was the direct cause of the following exception:

Traceback (most recent call last):
  File "/home/cistudent/.local/lib/python3.9/site-packages/django/core/handlers/exception.py", line 55, in inner
    response = get_response(request)
  File "/home/cistudent/.local/lib/python3.9/site-packages/django/core/handlers/base.py", line 197, in _get_response
    response = wrapped_callback(request, *callback_args, **callback_kwargs)
  File "/workspaces/django-renterprise/customers/views.py", line 200, in customer_order_view
    return render(
  File "/home/cistudent/.local/lib/python3.9/site-packages/django/shortcuts.py", line 24, in render
    content = loader.render_to_string(template_name, context, request, using=using)
  File "/home/cistudent/.local/lib/python3.9/site-packages/django/template/loader.py", line 62, in render_to_string
    return template.render(context, request)
  File "/home/cistudent/.local/lib/python3.9/site-packages/django/template/backends/django.py", line 63, in render
    reraise(exc, self.backend)
  File "/home/cistudent/.local/lib/python3.9/site-packages/django/template/backends/django.py", line 84, in reraise
    raise new from exc
django.template.exceptions.TemplateDoesNotExist: order_invoice.html
django.request WARNING 2024-06-05 11:23:48,140 log 731 140121696368192 Not Found: /favicon.ico
django.request WARNING 2024-06-05 11:23:48,179 log 731 140121696368192 Not Found: /customers/8e05b134-0b51-46e4-ac9d-2e725f265a9b/orders/styles.css.map
django.request ERROR 2024-06-05 11:24:02,062 log 731 140121696368192 Internal Server Error: /customers/8e05b134-0b51-46e4-ac9d-2e725f265a9b/orders/8
Traceback (most recent call last):
  File "/home/cistudent/.local/lib/python3.9/site-packages/django/template/backends/django.py", line 61, in render
    return self.template.render(context)
  File "/home/cistudent/.local/lib/python3.9/site-packages/django/template/base.py", line 175, in render
    return self._render(context)
  File "/home/cistudent/.local/lib/python3.9/site-packages/django/template/base.py", line 167, in _render
    return self.nodelist.render(context)
  File "/home/cistudent/.local/lib/python3.9/site-packages/django/template/base.py", line 1005, in render
    return SafeString("".join([node.render_annotated(context) for node in self]))
  File "/home/cistudent/.local/lib/python3.9/site-packages/django/template/base.py", line 1005, in <listcomp>
    return SafeString("".join([node.render_annotated(context) for node in self]))
  File "/home/cistudent/.local/lib/python3.9/site-packages/django/template/base.py", line 966, in render_annotated
    return self.render(context)
  File "/home/cistudent/.local/lib/python3.9/site-packages/django/template/loader_tags.py", line 157, in render
    return compiled_parent._render(context)
  File "/home/cistudent/.local/lib/python3.9/site-packages/django/template/base.py", line 167, in _render
    return self.nodelist.render(context)
  File "/home/cistudent/.local/lib/python3.9/site-packages/django/template/base.py", line 1005, in render
    return SafeString("".join([node.render_annotated(context) for node in self]))
  File "/home/cistudent/.local/lib/python3.9/site-packages/django/template/base.py", line 1005, in <listcomp>
    return SafeString("".join([node.render_annotated(context) for node in self]))
  File "/home/cistudent/.local/lib/python3.9/site-packages/django/template/base.py", line 966, in render_annotated
    return self.render(context)
  File "/home/cistudent/.local/lib/python3.9/site-packages/django/template/loader_tags.py", line 63, in render
    result = block.nodelist.render(context)
  File "/home/cistudent/.local/lib/python3.9/site-packages/django/template/base.py", line 1005, in render
    return SafeString("".join([node.render_annotated(context) for node in self]))
  File "/home/cistudent/.local/lib/python3.9/site-packages/django/template/base.py", line 1005, in <listcomp>
    return SafeString("".join([node.render_annotated(context) for node in self]))
  File "/home/cistudent/.local/lib/python3.9/site-packages/django/template/base.py", line 966, in render_annotated
    return self.render(context)
  File "/home/cistudent/.local/lib/python3.9/site-packages/django/template/defaulttags.py", line 321, in render
    return nodelist.render(context)
  File "/home/cistudent/.local/lib/python3.9/site-packages/django/template/base.py", line 1005, in render
    return SafeString("".join([node.render_annotated(context) for node in self]))
  File "/home/cistudent/.local/lib/python3.9/site-packages/django/template/base.py", line 1005, in <listcomp>
    return SafeString("".join([node.render_annotated(context) for node in self]))
  File "/home/cistudent/.local/lib/python3.9/site-packages/django/template/base.py", line 966, in render_annotated
    return self.render(context)
  File "/home/cistudent/.local/lib/python3.9/site-packages/django/template/loader_tags.py", line 197, in render
    template = context.template.engine.select_template(template_name)
  File "/home/cistudent/.local/lib/python3.9/site-packages/django/template/engine.py", line 212, in select_template
    raise TemplateDoesNotExist(", ".join(not_found))
django.template.exceptions.TemplateDoesNotExist: orders.order_invoice.html

The above exception was the direct cause of the following exception:

Traceback (most recent call last):
  File "/home/cistudent/.local/lib/python3.9/site-packages/django/core/handlers/exception.py", line 55, in inner
    response = get_response(request)
  File "/home/cistudent/.local/lib/python3.9/site-packages/django/core/handlers/base.py", line 197, in _get_response
    response = wrapped_callback(request, *callback_args, **callback_kwargs)
  File "/workspaces/django-renterprise/customers/views.py", line 200, in customer_order_view
    return render(
  File "/home/cistudent/.local/lib/python3.9/site-packages/django/shortcuts.py", line 24, in render
    content = loader.render_to_string(template_name, context, request, using=using)
  File "/home/cistudent/.local/lib/python3.9/site-packages/django/template/loader.py", line 62, in render_to_string
    return template.render(context, request)
  File "/home/cistudent/.local/lib/python3.9/site-packages/django/template/backends/django.py", line 63, in render
    reraise(exc, self.backend)
  File "/home/cistudent/.local/lib/python3.9/site-packages/django/template/backends/django.py", line 84, in reraise
    raise new from exc
django.template.exceptions.TemplateDoesNotExist: orders.order_invoice.html
django.request WARNING 2024-06-05 11:24:02,839 log 731 140121696368192 Not Found: /favicon.ico
django.request WARNING 2024-06-05 11:24:02,870 log 731 140121696368192 Not Found: /customers/8e05b134-0b51-46e4-ac9d-2e725f265a9b/orders/styles.css.map
django.request WARNING 2024-06-05 11:24:06,503 log 731 140121696368192 Not Found: /customers/8e05b134-0b51-46e4-ac9d-2e725f265a9b/orders/styles.css.map
django.request WARNING 2024-06-05 11:24:06,943 log 731 140121696368192 Not Found: /customers/8e05b134-0b51-46e4-ac9d-2e725f265a9b/orders/styles.css.map
django.request WARNING 2024-06-05 11:24:18,880 log 731 140121696368192 Not Found: /customers/8e05b134-0b51-46e4-ac9d-2e725f265a9b/orders/styles.css.map
django.request ERROR 2024-06-05 11:24:22,142 log 731 140121696368192 Internal Server Error: /customers/8e05b134-0b51-46e4-ac9d-2e725f265a9b/orders/8
Traceback (most recent call last):
  File "/home/cistudent/.local/lib/python3.9/site-packages/django/template/base.py", line 505, in parse
    compile_func = self.tags[command]
KeyError: 'endblock'

During handling of the above exception, another exception occurred:

Traceback (most recent call last):
  File "/home/cistudent/.local/lib/python3.9/site-packages/django/core/handlers/exception.py", line 55, in inner
    response = get_response(request)
  File "/home/cistudent/.local/lib/python3.9/site-packages/django/core/handlers/base.py", line 197, in _get_response
    response = wrapped_callback(request, *callback_args, **callback_kwargs)
  File "/workspaces/django-renterprise/customers/views.py", line 200, in customer_order_view
    return render(
  File "/home/cistudent/.local/lib/python3.9/site-packages/django/shortcuts.py", line 24, in render
    content = loader.render_to_string(template_name, context, request, using=using)
  File "/home/cistudent/.local/lib/python3.9/site-packages/django/template/loader.py", line 62, in render_to_string
    return template.render(context, request)
  File "/home/cistudent/.local/lib/python3.9/site-packages/django/template/backends/django.py", line 61, in render
    return self.template.render(context)
  File "/home/cistudent/.local/lib/python3.9/site-packages/django/template/base.py", line 175, in render
    return self._render(context)
  File "/home/cistudent/.local/lib/python3.9/site-packages/django/template/base.py", line 167, in _render
    return self.nodelist.render(context)
  File "/home/cistudent/.local/lib/python3.9/site-packages/django/template/base.py", line 1005, in render
    return SafeString("".join([node.render_annotated(context) for node in self]))
  File "/home/cistudent/.local/lib/python3.9/site-packages/django/template/base.py", line 1005, in <listcomp>
    return SafeString("".join([node.render_annotated(context) for node in self]))
  File "/home/cistudent/.local/lib/python3.9/site-packages/django/template/base.py", line 966, in render_annotated
    return self.render(context)
  File "/home/cistudent/.local/lib/python3.9/site-packages/django/template/loader_tags.py", line 157, in render
    return compiled_parent._render(context)
  File "/home/cistudent/.local/lib/python3.9/site-packages/django/template/base.py", line 167, in _render
    return self.nodelist.render(context)
  File "/home/cistudent/.local/lib/python3.9/site-packages/django/template/base.py", line 1005, in render
    return SafeString("".join([node.render_annotated(context) for node in self]))
  File "/home/cistudent/.local/lib/python3.9/site-packages/django/template/base.py", line 1005, in <listcomp>
    return SafeString("".join([node.render_annotated(context) for node in self]))
  File "/home/cistudent/.local/lib/python3.9/site-packages/django/template/base.py", line 966, in render_annotated
    return self.render(context)
  File "/home/cistudent/.local/lib/python3.9/site-packages/django/template/loader_tags.py", line 63, in render
    result = block.nodelist.render(context)
  File "/home/cistudent/.local/lib/python3.9/site-packages/django/template/base.py", line 1005, in render
    return SafeString("".join([node.render_annotated(context) for node in self]))
  File "/home/cistudent/.local/lib/python3.9/site-packages/django/template/base.py", line 1005, in <listcomp>
    return SafeString("".join([node.render_annotated(context) for node in self]))
  File "/home/cistudent/.local/lib/python3.9/site-packages/django/template/base.py", line 966, in render_annotated
    return self.render(context)
  File "/home/cistudent/.local/lib/python3.9/site-packages/django/template/defaulttags.py", line 321, in render
    return nodelist.render(context)
  File "/home/cistudent/.local/lib/python3.9/site-packages/django/template/base.py", line 1005, in render
    return SafeString("".join([node.render_annotated(context) for node in self]))
  File "/home/cistudent/.local/lib/python3.9/site-packages/django/template/base.py", line 1005, in <listcomp>
    return SafeString("".join([node.render_annotated(context) for node in self]))
  File "/home/cistudent/.local/lib/python3.9/site-packages/django/template/base.py", line 966, in render_annotated
    return self.render(context)
  File "/home/cistudent/.local/lib/python3.9/site-packages/django/template/loader_tags.py", line 197, in render
    template = context.template.engine.select_template(template_name)
  File "/home/cistudent/.local/lib/python3.9/site-packages/django/template/engine.py", line 206, in select_template
    return self.get_template(template_name)
  File "/home/cistudent/.local/lib/python3.9/site-packages/django/template/engine.py", line 175, in get_template
    template, origin = self.find_template(template_name)
  File "/home/cistudent/.local/lib/python3.9/site-packages/django/template/engine.py", line 157, in find_template
    template = loader.get_template(name, skip=skip)
  File "/home/cistudent/.local/lib/python3.9/site-packages/django/template/loaders/cached.py", line 57, in get_template
    template = super().get_template(template_name, skip)
  File "/home/cistudent/.local/lib/python3.9/site-packages/django/template/loaders/base.py", line 28, in get_template
    return Template(
  File "/home/cistudent/.local/lib/python3.9/site-packages/django/template/base.py", line 154, in __init__
    self.nodelist = self.compile_nodelist()
  File "/home/cistudent/.local/lib/python3.9/site-packages/django/template/base.py", line 200, in compile_nodelist
    return parser.parse()
  File "/home/cistudent/.local/lib/python3.9/site-packages/django/template/base.py", line 513, in parse
    raise self.error(token, e)
  File "/home/cistudent/.local/lib/python3.9/site-packages/django/template/base.py", line 511, in parse
    compiled_result = compile_func(self, token)
  File "/home/cistudent/.local/lib/python3.9/site-packages/django/template/defaulttags.py", line 967, in do_if
    nodelist = parser.parse(("endif",))
  File "/home/cistudent/.local/lib/python3.9/site-packages/django/template/base.py", line 507, in parse
    self.invalid_block_tag(token, command, parse_until)
  File "/home/cistudent/.local/lib/python3.9/site-packages/django/template/base.py", line 558, in invalid_block_tag
    raise self.error(
django.template.exceptions.TemplateSyntaxError: Invalid block tag on line 72: 'endblock', expected 'endif'. Did you forget to register or load this tag?
django.request WARNING 2024-06-05 11:24:22,356 log 731 140121696368192 Not Found: /customers/8e05b134-0b51-46e4-ac9d-2e725f265a9b/orders/styles.css.map
django.request WARNING 2024-06-05 11:24:23,053 log 731 140121696368192 Not Found: /favicon.ico
django.request WARNING 2024-06-05 11:24:23,094 log 731 140121696368192 Not Found: /customers/8e05b134-0b51-46e4-ac9d-2e725f265a9b/orders/styles.css.map
django.request ERROR 2024-06-05 11:27:47,134 log 731 140121696368192 Internal Server Error: /customers/8e05b134-0b51-46e4-ac9d-2e725f265a9b/orders/8
Traceback (most recent call last):
  File "/home/cistudent/.local/lib/python3.9/site-packages/django/template/base.py", line 505, in parse
    compile_func = self.tags[command]
KeyError: 'else'

During handling of the above exception, another exception occurred:

Traceback (most recent call last):
  File "/home/cistudent/.local/lib/python3.9/site-packages/django/core/handlers/exception.py", line 55, in inner
    response = get_response(request)
  File "/home/cistudent/.local/lib/python3.9/site-packages/django/core/handlers/base.py", line 197, in _get_response
    response = wrapped_callback(request, *callback_args, **callback_kwargs)
  File "/workspaces/django-renterprise/customers/views.py", line 200, in customer_order_view
    return render(
  File "/home/cistudent/.local/lib/python3.9/site-packages/django/shortcuts.py", line 24, in render
    content = loader.render_to_string(template_name, context, request, using=using)
  File "/home/cistudent/.local/lib/python3.9/site-packages/django/template/loader.py", line 62, in render_to_string
    return template.render(context, request)
  File "/home/cistudent/.local/lib/python3.9/site-packages/django/template/backends/django.py", line 61, in render
    return self.template.render(context)
  File "/home/cistudent/.local/lib/python3.9/site-packages/django/template/base.py", line 175, in render
    return self._render(context)
  File "/home/cistudent/.local/lib/python3.9/site-packages/django/template/base.py", line 167, in _render
    return self.nodelist.render(context)
  File "/home/cistudent/.local/lib/python3.9/site-packages/django/template/base.py", line 1005, in render
    return SafeString("".join([node.render_annotated(context) for node in self]))
  File "/home/cistudent/.local/lib/python3.9/site-packages/django/template/base.py", line 1005, in <listcomp>
    return SafeString("".join([node.render_annotated(context) for node in self]))
  File "/home/cistudent/.local/lib/python3.9/site-packages/django/template/base.py", line 966, in render_annotated
    return self.render(context)
  File "/home/cistudent/.local/lib/python3.9/site-packages/django/template/loader_tags.py", line 157, in render
    return compiled_parent._render(context)
  File "/home/cistudent/.local/lib/python3.9/site-packages/django/template/base.py", line 167, in _render
    return self.nodelist.render(context)
  File "/home/cistudent/.local/lib/python3.9/site-packages/django/template/base.py", line 1005, in render
    return SafeString("".join([node.render_annotated(context) for node in self]))
  File "/home/cistudent/.local/lib/python3.9/site-packages/django/template/base.py", line 1005, in <listcomp>
    return SafeString("".join([node.render_annotated(context) for node in self]))
  File "/home/cistudent/.local/lib/python3.9/site-packages/django/template/base.py", line 966, in render_annotated
    return self.render(context)
  File "/home/cistudent/.local/lib/python3.9/site-packages/django/template/loader_tags.py", line 63, in render
    result = block.nodelist.render(context)
  File "/home/cistudent/.local/lib/python3.9/site-packages/django/template/base.py", line 1005, in render
    return SafeString("".join([node.render_annotated(context) for node in self]))
  File "/home/cistudent/.local/lib/python3.9/site-packages/django/template/base.py", line 1005, in <listcomp>
    return SafeString("".join([node.render_annotated(context) for node in self]))
  File "/home/cistudent/.local/lib/python3.9/site-packages/django/template/base.py", line 966, in render_annotated
    return self.render(context)
  File "/home/cistudent/.local/lib/python3.9/site-packages/django/template/defaulttags.py", line 321, in render
    return nodelist.render(context)
  File "/home/cistudent/.local/lib/python3.9/site-packages/django/template/base.py", line 1005, in render
    return SafeString("".join([node.render_annotated(context) for node in self]))
  File "/home/cistudent/.local/lib/python3.9/site-packages/django/template/base.py", line 1005, in <listcomp>
    return SafeString("".join([node.render_annotated(context) for node in self]))
  File "/home/cistudent/.local/lib/python3.9/site-packages/django/template/base.py", line 966, in render_annotated
    return self.render(context)
  File "/home/cistudent/.local/lib/python3.9/site-packages/django/template/loader_tags.py", line 197, in render
    template = context.template.engine.select_template(template_name)
  File "/home/cistudent/.local/lib/python3.9/site-packages/django/template/engine.py", line 206, in select_template
    return self.get_template(template_name)
  File "/home/cistudent/.local/lib/python3.9/site-packages/django/template/engine.py", line 175, in get_template
    template, origin = self.find_template(template_name)
  File "/home/cistudent/.local/lib/python3.9/site-packages/django/template/engine.py", line 157, in find_template
    template = loader.get_template(name, skip=skip)
  File "/home/cistudent/.local/lib/python3.9/site-packages/django/template/loaders/cached.py", line 57, in get_template
    template = super().get_template(template_name, skip)
  File "/home/cistudent/.local/lib/python3.9/site-packages/django/template/loaders/base.py", line 28, in get_template
    return Template(
  File "/home/cistudent/.local/lib/python3.9/site-packages/django/template/base.py", line 154, in __init__
    self.nodelist = self.compile_nodelist()
  File "/home/cistudent/.local/lib/python3.9/site-packages/django/template/base.py", line 200, in compile_nodelist
    return parser.parse()
  File "/home/cistudent/.local/lib/python3.9/site-packages/django/template/base.py", line 507, in parse
    self.invalid_block_tag(token, command, parse_until)
  File "/home/cistudent/.local/lib/python3.9/site-packages/django/template/base.py", line 568, in invalid_block_tag
    raise self.error(
django.template.exceptions.TemplateSyntaxError: Invalid block tag on line 45: 'else'. Did you forget to register or load this tag?
django.request WARNING 2024-06-05 11:27:47,908 log 731 140121696368192 Not Found: /favicon.ico
django.request WARNING 2024-06-05 11:27:47,955 log 731 140121696368192 Not Found: /customers/8e05b134-0b51-46e4-ac9d-2e725f265a9b/orders/styles.css.map
django.utils.autoreload INFO 2024-06-05 22:57:47,275 autoreload 648 140081322130304 Watching for file changes with StatReloader
urllib3.connectionpool DEBUG 2024-06-05 23:03:48,027 connectionpool 648 140081260365376 Starting new HTTPS connection (1): res.cloudinary.com:443
urllib3.connectionpool DEBUG 2024-06-05 23:03:48,101 connectionpool 648 140081260365376 https://res.cloudinary.com:443 "GET /dddubflsq/raw/upload/v1/static/staticfiles.json HTTP/1.1" 200 None
django.request WARNING 2024-06-05 23:03:49,173 log 648 140081260365376 Not Found: /customers/8e05b134-0b51-46e4-ac9d-2e725f265a9b/orders/styles.css.map
django.request WARNING 2024-06-05 23:03:52,963 log 648 140081260365376 Not Found: /customers/8e05b134-0b51-46e4-ac9d-2e725f265a9b/orders/styles.css.map
django.request WARNING 2024-06-05 23:03:53,264 log 648 140081260365376 Not Found: /accounts/login/styles.css.map
django.request WARNING 2024-06-05 23:03:55,356 log 648 140081260365376 Not Found: /accounts/login/styles.css.map
django.request WARNING 2024-06-05 23:03:55,555 log 648 140081260365376 Not Found: /customers/8e05b134-0b51-46e4-ac9d-2e725f265a9b/orders/styles.css.map
